<?xml version="1.0" encoding="UTF-8"?>
<!-- Generated by org.testng.reporters.JUnitReportReporter -->
<testsuite skipped="0" hostname="DESKTOP-G4JM6EP" name="com.qa.linkedin.test.SearchDataDrivenTest" tests="4" failures="0" timestamp="2021-05-12T15:35:45 CDT" time="30.364" errors="0">
  <testcase name="searchDataDrivenTest" time="7.391" classname="com.qa.linkedin.test.SearchDataDrivenTest"/>
  <testcase name="searchDataDrivenTest" time="8.599" classname="com.qa.linkedin.test.SearchDataDrivenTest"/>
  <testcase name="searchDataDrivenTest" time="7.494" classname="com.qa.linkedin.test.SearchDataDrivenTest"/>
  <testcase name="searchDataDrivenTest" time="6.880" classname="com.qa.linkedin.test.SearchDataDrivenTest"/>
</testsuite> <!-- com.qa.linkedin.test.SearchDataDrivenTest -->
